Performing C SOURCE FILE Test CMAKE_HAVE_LIBC_PTHREAD failed with the following output:
Change Dir: /home/dal/ros1_ws/src/extract_from_rosbag/build/CMakeFiles/CMakeTmp

Run Build Command(s):/bin/ninja cmTC_b0655 && [1/2] Building C object CMakeFiles/cmTC_b0655.dir/src.c.o
[2/2] Linking C executable cmTC_b0655
FAILED: cmTC_b0655 
: && /usr/bin/gcc -DCMAKE_HAVE_LIBC_PTHREAD  -rdynamic CMakeFiles/cmTC_b0655.dir/src.c.o  -o cmTC_b0655   && :
/bin/ld: CMakeFiles/cmTC_b0655.dir/src.c.o: in function `main':
src.c:(.text+0x46): undefined reference to `pthread_create'
/bin/ld: src.c:(.text+0x52): undefined reference to `pthread_detach'
/bin/ld: src.c:(.text+0x63): undefined reference to `pthread_join'
collect2: error: ld returned 1 exit status
ninja: build stopped: subcommand failed.


Source file was:
#include <pthread.h>

void* test_func(void* data)
{
  return data;
}

int main(void)
{
  pthread_t thread;
  pthread_create(&thread, NULL, test_func, NULL);
  pthread_detach(thread);
  pthread_join(thread, NULL);
  pthread_atfork(NULL, NULL, NULL);
  pthread_exit(NULL);

  return 0;
}

Determining if the function pthread_create exists in the pthreads failed with the following output:
Change Dir: /home/dal/ros1_ws/src/extract_from_rosbag/build/CMakeFiles/CMakeTmp

Run Build Command(s):/bin/ninja cmTC_54612 && [1/2] Building C object CMakeFiles/cmTC_54612.dir/CheckFunctionExists.c.o
[2/2] Linking C executable cmTC_54612
FAILED: cmTC_54612 
: && /usr/bin/gcc -DCHECK_FUNCTION_EXISTS=pthread_create  -rdynamic CMakeFiles/cmTC_54612.dir/CheckFunctionExists.c.o  -o cmTC_54612  -lpthreads && :
/bin/ld: cannot find -lpthreads
collect2: error: ld returned 1 exit status
ninja: build stopped: subcommand failed.



